2026-03-11 12:07:30.957 INFO  [file-service] [background-preinit] org.hibernate.validator.internal.util.Version - HV000001: Hibernate Validator 8.0.1.Final
2026-03-11 12:07:34.262 INFO  [file-service] [main] com.pixiv.file.FileServiceApplication - The following 1 profile is active: "dev"
2026-03-11 12:07:35.726 INFO  [file-service] [main] org.apache.coyote.http11.Http11NioProtocol - Initializing ProtocolHandler ["http-nio-8085"]
2026-03-11 12:07:35.728 INFO  [file-service] [main] org.apache.catalina.core.StandardService - Starting service [Tomcat]
2026-03-11 12:07:35.728 INFO  [file-service] [main] org.apache.catalina.core.StandardEngine - Starting Servlet engine: [Apache Tomcat/10.1.18]
2026-03-11 12:07:35.835 INFO  [file-service] [main] o.a.c.core.ContainerBase.[Tomcat].[localhost].[/] - Initializing Spring embedded WebApplicationContext
2026-03-11 12:07:35.916 INFO  [file-service] [main] com.pixiv.file.config.OssConfig - 初始化阿里云 OSS 客户端
2026-03-11 12:07:35.916 INFO  [file-service] [main] com.pixiv.file.config.OssConfig - OSS Endpoint: oss-cn-heyuan.aliyuncs.com
2026-03-11 12:07:35.917 INFO  [file-service] [main] com.pixiv.file.config.OssConfig - OSS Bucket: pixiv-platform
2026-03-11 12:07:36.209 INFO  [file-service] [main] com.pixiv.file.config.OssConfig - 阿里云 OSS 客户端初始化成功
2026-03-11 12:07:38.029 INFO  [file-service] [main] org.apache.coyote.http11.Http11NioProtocol - Starting ProtocolHandler ["http-nio-8085"]
2026-03-11 12:07:39.530 INFO  [file-service] [main] com.pixiv.file.FileServiceApplication - Started FileServiceApplication in 10.276 seconds (process running for 11.361)
2026-03-11 14:26:33.110 INFO  [file-service] [background-preinit] org.hibernate.validator.internal.util.Version - HV000001: Hibernate Validator 8.0.1.Final
2026-03-11 14:26:36.113 INFO  [file-service] [main] com.pixiv.file.FileServiceApplication - The following 1 profile is active: "dev"
2026-03-11 14:26:37.282 INFO  [file-service] [main] org.apache.coyote.http11.Http11NioProtocol - Initializing ProtocolHandler ["http-nio-8085"]
2026-03-11 14:26:37.285 INFO  [file-service] [main] org.apache.catalina.core.StandardService - Starting service [Tomcat]
2026-03-11 14:26:37.285 INFO  [file-service] [main] org.apache.catalina.core.StandardEngine - Starting Servlet engine: [Apache Tomcat/10.1.18]
2026-03-11 14:26:37.359 INFO  [file-service] [main] o.a.c.core.ContainerBase.[Tomcat].[localhost].[/] - Initializing Spring embedded WebApplicationContext
2026-03-11 14:26:37.413 INFO  [file-service] [main] com.pixiv.file.config.OssConfig - 初始化阿里云 OSS 客户端
2026-03-11 14:26:37.414 INFO  [file-service] [main] com.pixiv.file.config.OssConfig - OSS Endpoint: oss-cn-heyuan.aliyuncs.com
2026-03-11 14:26:37.414 INFO  [file-service] [main] com.pixiv.file.config.OssConfig - OSS Bucket: pixiv-platform
2026-03-11 14:26:37.651 INFO  [file-service] [main] com.pixiv.file.config.OssConfig - 阿里云 OSS 客户端初始化成功
2026-03-11 14:26:39.319 INFO  [file-service] [main] org.apache.coyote.http11.Http11NioProtocol - Starting ProtocolHandler ["http-nio-8085"]
2026-03-11 14:26:40.694 INFO  [file-service] [main] com.pixiv.file.FileServiceApplication - Started FileServiceApplication in 9.214 seconds (process running for 9.834)
2026-03-11 14:57:40.747 WARN  [file-service] [Thread-4] c.alibaba.nacos.common.http.HttpClientBeanHolder - [HttpClientBeanHolder] Start destroying common HttpClient
2026-03-11 14:57:40.747 WARN  [file-service] [Thread-12] com.alibaba.nacos.common.notify.NotifyCenter - [NotifyCenter] Start destroying Publisher
2026-03-11 14:57:40.749 WARN  [file-service] [Thread-12] com.alibaba.nacos.common.notify.NotifyCenter - [NotifyCenter] Destruction of the end
2026-03-11 14:57:40.750 WARN  [file-service] [Thread-4] c.alibaba.nacos.common.http.HttpClientBeanHolder - [HttpClientBeanHolder] Destruction of the end
2026-03-11 14:57:40.800 WARN  [file-service] [SpringApplicationShutdownHook] com.alibaba.nacos.client.naming - [NamingHttpClientManager] Start destroying NacosRestTemplate
2026-03-11 14:57:40.800 WARN  [file-service] [SpringApplicationShutdownHook] com.alibaba.nacos.client.naming - [NamingHttpClientManager] Destruction of the end
2026-03-11 14:57:40.800 WARN  [file-service] [SpringApplicationShutdownHook] com.alibaba.nacos.client.naming - [NamingHttpClientManager] Start destroying NacosRestTemplate
2026-03-11 14:57:40.801 WARN  [file-service] [SpringApplicationShutdownHook] com.alibaba.nacos.client.naming - [NamingHttpClientManager] Destruction of the end
2026-03-11 14:57:45.530 INFO  [file-service] [background-preinit] org.hibernate.validator.internal.util.Version - HV000001: Hibernate Validator 8.0.1.Final
2026-03-11 14:57:48.476 INFO  [file-service] [main] com.pixiv.file.FileServiceApplication - The following 1 profile is active: "dev"
2026-03-11 14:57:49.813 INFO  [file-service] [main] org.apache.coyote.http11.Http11NioProtocol - Initializing ProtocolHandler ["http-nio-8085"]
2026-03-11 14:57:49.815 INFO  [file-service] [main] org.apache.catalina.core.StandardService - Starting service [Tomcat]
2026-03-11 14:57:49.816 INFO  [file-service] [main] org.apache.catalina.core.StandardEngine - Starting Servlet engine: [Apache Tomcat/10.1.18]
2026-03-11 14:57:49.917 INFO  [file-service] [main] o.a.c.core.ContainerBase.[Tomcat].[localhost].[/] - Initializing Spring embedded WebApplicationContext
2026-03-11 14:57:50.026 INFO  [file-service] [main] com.pixiv.file.config.OssConfig - 初始化阿里云 OSS 客户端
2026-03-11 14:57:50.026 INFO  [file-service] [main] com.pixiv.file.config.OssConfig - OSS Endpoint: oss-cn-heyuan.aliyuncs.com
2026-03-11 14:57:50.026 INFO  [file-service] [main] com.pixiv.file.config.OssConfig - OSS Bucket: pixiv-platform
2026-03-11 14:57:50.291 INFO  [file-service] [main] com.pixiv.file.config.OssConfig - 阿里云 OSS 客户端初始化成功
2026-03-11 14:57:52.189 INFO  [file-service] [main] org.apache.coyote.http11.Http11NioProtocol - Starting ProtocolHandler ["http-nio-8085"]
2026-03-11 14:57:53.562 INFO  [file-service] [main] com.pixiv.file.FileServiceApplication - Started FileServiceApplication in 9.642 seconds (process running for 10.253)
2026-03-11 18:24:40.332 WARN  [file-service] [Thread-4] c.alibaba.nacos.common.http.HttpClientBeanHolder - [HttpClientBeanHolder] Start destroying common HttpClient
2026-03-11 18:24:40.332 WARN  [file-service] [Thread-12] com.alibaba.nacos.common.notify.NotifyCenter - [NotifyCenter] Start destroying Publisher
2026-03-11 18:24:40.337 WARN  [file-service] [Thread-12] com.alibaba.nacos.common.notify.NotifyCenter - [NotifyCenter] Destruction of the end
2026-03-11 18:24:40.343 WARN  [file-service] [Thread-4] c.alibaba.nacos.common.http.HttpClientBeanHolder - [HttpClientBeanHolder] Destruction of the end
2026-03-11 18:24:40.439 WARN  [file-service] [SpringApplicationShutdownHook] com.alibaba.nacos.client.naming - [NamingHttpClientManager] Start destroying NacosRestTemplate
2026-03-11 18:24:40.440 WARN  [file-service] [SpringApplicationShutdownHook] com.alibaba.nacos.client.naming - [NamingHttpClientManager] Destruction of the end
2026-03-11 18:24:40.440 WARN  [file-service] [SpringApplicationShutdownHook] com.alibaba.nacos.client.naming - [NamingHttpClientManager] Start destroying NacosRestTemplate
2026-03-11 18:24:40.440 WARN  [file-service] [SpringApplicationShutdownHook] com.alibaba.nacos.client.naming - [NamingHttpClientManager] Destruction of the end
2026-03-11 18:24:44.109 INFO  [file-service] [background-preinit] org.hibernate.validator.internal.util.Version - HV000001: Hibernate Validator 8.0.1.Final
2026-03-11 18:24:47.250 INFO  [file-service] [main] com.pixiv.file.FileServiceApplication - The following 1 profile is active: "dev"
2026-03-11 18:24:48.345 INFO  [file-service] [main] org.apache.coyote.http11.Http11NioProtocol - Initializing ProtocolHandler ["http-nio-8085"]
2026-03-11 18:24:48.347 INFO  [file-service] [main] org.apache.catalina.core.StandardService - Starting service [Tomcat]
2026-03-11 18:24:48.347 INFO  [file-service] [main] org.apache.catalina.core.StandardEngine - Starting Servlet engine: [Apache Tomcat/10.1.18]
2026-03-11 18:24:48.418 INFO  [file-service] [main] o.a.c.core.ContainerBase.[Tomcat].[localhost].[/] - Initializing Spring embedded WebApplicationContext
2026-03-11 18:24:48.468 INFO  [file-service] [main] com.pixiv.file.config.OssConfig - 初始化阿里云 OSS 客户端
2026-03-11 18:24:48.468 INFO  [file-service] [main] com.pixiv.file.config.OssConfig - OSS Endpoint: oss-cn-heyuan.aliyuncs.com
2026-03-11 18:24:48.468 INFO  [file-service] [main] com.pixiv.file.config.OssConfig - OSS Bucket: pixiv-platform
2026-03-11 18:24:48.679 INFO  [file-service] [main] com.pixiv.file.config.OssConfig - 阿里云 OSS 客户端初始化成功
2026-03-11 18:24:50.568 INFO  [file-service] [main] org.apache.coyote.http11.Http11NioProtocol - Starting ProtocolHandler ["http-nio-8085"]
2026-03-11 18:24:51.941 INFO  [file-service] [main] com.pixiv.file.FileServiceApplication - Started FileServiceApplication in 9.4 seconds (process running for 10.01)
2026-03-11 19:37:58.836 WARN  [file-service] [Thread-4] c.alibaba.nacos.common.http.HttpClientBeanHolder - [HttpClientBeanHolder] Start destroying common HttpClient
2026-03-11 19:37:58.836 WARN  [file-service] [Thread-12] com.alibaba.nacos.common.notify.NotifyCenter - [NotifyCenter] Start destroying Publisher
2026-03-11 19:37:58.844 WARN  [file-service] [Thread-12] com.alibaba.nacos.common.notify.NotifyCenter - [NotifyCenter] Destruction of the end
2026-03-11 19:37:58.848 WARN  [file-service] [Thread-4] c.alibaba.nacos.common.http.HttpClientBeanHolder - [HttpClientBeanHolder] Destruction of the end
2026-03-11 19:37:58.963 WARN  [file-service] [SpringApplicationShutdownHook] com.alibaba.nacos.client.naming - [NamingHttpClientManager] Start destroying NacosRestTemplate
2026-03-11 19:37:58.965 WARN  [file-service] [SpringApplicationShutdownHook] com.alibaba.nacos.client.naming - [NamingHttpClientManager] Destruction of the end
2026-03-11 19:37:58.965 WARN  [file-service] [SpringApplicationShutdownHook] com.alibaba.nacos.client.naming - [NamingHttpClientManager] Start destroying NacosRestTemplate
2026-03-11 19:37:58.965 WARN  [file-service] [SpringApplicationShutdownHook] com.alibaba.nacos.client.naming - [NamingHttpClientManager] Destruction of the end
2026-03-11 19:38:14.696 INFO  [file-service] [background-preinit] org.hibernate.validator.internal.util.Version - HV000001: Hibernate Validator 8.0.1.Final
2026-03-11 19:38:17.627 INFO  [file-service] [main] com.pixiv.file.FileServiceApplication - The following 1 profile is active: "dev"
2026-03-11 19:38:18.600 INFO  [file-service] [main] org.apache.coyote.http11.Http11NioProtocol - Initializing ProtocolHandler ["http-nio-8085"]
2026-03-11 19:38:18.602 INFO  [file-service] [main] org.apache.catalina.core.StandardService - Starting service [Tomcat]
2026-03-11 19:38:18.603 INFO  [file-service] [main] org.apache.catalina.core.StandardEngine - Starting Servlet engine: [Apache Tomcat/10.1.18]
2026-03-11 19:38:18.673 INFO  [file-service] [main] o.a.c.core.ContainerBase.[Tomcat].[localhost].[/] - Initializing Spring embedded WebApplicationContext
2026-03-11 19:38:18.738 INFO  [file-service] [main] com.pixiv.file.config.OssConfig - 初始化阿里云 OSS 客户端
2026-03-11 19:38:18.738 INFO  [file-service] [main] com.pixiv.file.config.OssConfig - OSS Endpoint: oss-cn-heyuan.aliyuncs.com
2026-03-11 19:38:18.738 INFO  [file-service] [main] com.pixiv.file.config.OssConfig - OSS Bucket: pixiv-platform
2026-03-11 19:38:18.961 INFO  [file-service] [main] com.pixiv.file.config.OssConfig - 阿里云 OSS 客户端初始化成功
2026-03-11 19:38:20.660 INFO  [file-service] [main] org.apache.coyote.http11.Http11NioProtocol - Starting ProtocolHandler ["http-nio-8085"]
2026-03-11 19:38:22.064 INFO  [file-service] [main] com.pixiv.file.FileServiceApplication - Started FileServiceApplication in 8.916 seconds (process running for 9.476)
2026-03-11 20:17:01.720 WARN  [file-service] [Thread-12] com.alibaba.nacos.common.notify.NotifyCenter - [NotifyCenter] Start destroying Publisher
2026-03-11 20:17:01.720 WARN  [file-service] [Thread-4] c.alibaba.nacos.common.http.HttpClientBeanHolder - [HttpClientBeanHolder] Start destroying common HttpClient
2026-03-11 20:17:01.735 WARN  [file-service] [Thread-12] com.alibaba.nacos.common.notify.NotifyCenter - [NotifyCenter] Destruction of the end
2026-03-11 20:17:01.742 WARN  [file-service] [Thread-4] c.alibaba.nacos.common.http.HttpClientBeanHolder - [HttpClientBeanHolder] Destruction of the end
2026-03-11 20:17:01.892 WARN  [file-service] [SpringApplicationShutdownHook] com.alibaba.nacos.client.naming - [NamingHttpClientManager] Start destroying NacosRestTemplate
2026-03-11 20:17:01.894 WARN  [file-service] [SpringApplicationShutdownHook] com.alibaba.nacos.client.naming - [NamingHttpClientManager] Destruction of the end
2026-03-11 20:17:01.894 WARN  [file-service] [SpringApplicationShutdownHook] com.alibaba.nacos.client.naming - [NamingHttpClientManager] Start destroying NacosRestTemplate
2026-03-11 20:17:01.894 WARN  [file-service] [SpringApplicationShutdownHook] com.alibaba.nacos.client.naming - [NamingHttpClientManager] Destruction of the end
2026-03-11 20:17:17.544 INFO  [file-service] [background-preinit] org.hibernate.validator.internal.util.Version - HV000001: Hibernate Validator 8.0.1.Final
2026-03-11 20:17:20.477 INFO  [file-service] [main] com.pixiv.file.FileServiceApplication - The following 1 profile is active: "dev"
2026-03-11 20:17:21.418 INFO  [file-service] [main] org.apache.coyote.http11.Http11NioProtocol - Initializing ProtocolHandler ["http-nio-8085"]
2026-03-11 20:17:21.419 INFO  [file-service] [main] org.apache.catalina.core.StandardService - Starting service [Tomcat]
2026-03-11 20:17:21.419 INFO  [file-service] [main] org.apache.catalina.core.StandardEngine - Starting Servlet engine: [Apache Tomcat/10.1.18]
2026-03-11 20:17:21.484 INFO  [file-service] [main] o.a.c.core.ContainerBase.[Tomcat].[localhost].[/] - Initializing Spring embedded WebApplicationContext
2026-03-11 20:17:21.549 INFO  [file-service] [main] com.pixiv.file.config.OssConfig - 初始化阿里云 OSS 客户端
2026-03-11 20:17:21.550 INFO  [file-service] [main] com.pixiv.file.config.OssConfig - OSS Endpoint: oss-cn-heyuan.aliyuncs.com
2026-03-11 20:17:21.550 INFO  [file-service] [main] com.pixiv.file.config.OssConfig - OSS Bucket: pixiv-platform
2026-03-11 20:17:21.748 INFO  [file-service] [main] com.pixiv.file.config.OssConfig - 阿里云 OSS 客户端初始化成功
2026-03-11 20:17:23.409 INFO  [file-service] [main] org.apache.coyote.http11.Http11NioProtocol - Starting ProtocolHandler ["http-nio-8085"]
2026-03-11 20:17:24.847 INFO  [file-service] [main] com.pixiv.file.FileServiceApplication - Started FileServiceApplication in 8.906 seconds (process running for 9.483)
